Using pre-set license
Built from '2020.3/staging' branch; Version is '2020.3.4f1 (0abb6314276a) revision 703331'; Using compiler version '192528614'; Build Type 'Release'
OS: 'Windows 10 Pro; OS build 19043.1083; Version 2009; 64bit' Language: 'de' Physical Memory: 16233 MB
BatchMode: 1, IsHumanControllingUs: 0, StartBugReporterOnCrash: 0, Is64bit: 1, IsPro: 0

 COMMAND LINE ARGUMENTS:
C:\Program Files\Unity\Hub\Editor\2020.3.4f1\Editor\Unity.exe
-adb2
-batchMode
-noUpm
-name
AssetImportWorker0
-projectPath
C:/Users/Brookselia/Documents/Studium/XR3/FProg/Projekt/EscapeVRoom
-logFile
Logs/AssetImportWorker0.log
-srvPort
62239
Successfully changed project path to: C:/Users/Brookselia/Documents/Studium/XR3/FProg/Projekt/EscapeVRoom
C:/Users/Brookselia/Documents/Studium/XR3/FProg/Projekt/EscapeVRoom
Using Asset Import Pipeline V2.
Refreshing native plugins compatible for Editor in 38.22 ms, found 3 plugins.
Preloading 1 native plugins for Editor in 0.82 ms.
Initialize engine version: 2020.3.4f1 (0abb6314276a)
[Subsystems] Discovering subsystems at path C:/Program Files/Unity/Hub/Editor/2020.3.4f1/Editor/Data/Resources/UnitySubsystems
[Subsystems] Discovering subsystems at path C:/Users/Brookselia/Documents/Studium/XR3/FProg/Projekt/EscapeVRoom/Assets
GfxDevice: creating device client; threaded=0
Direct3D:
    Version:  Direct3D 11.0 [level 11.1]
    Renderer: NVIDIA GeForce RTX 2060 (ID=0x1f51)
    Vendor:   
    VRAM:     5980 MB
    Driver:   26.21.14.4193
Initialize mono
Mono path[0] = 'C:/Program Files/Unity/Hub/Editor/2020.3.4f1/Editor/Data/Managed'
Mono path[1] = 'C:/Program Files/Unity/Hub/Editor/2020.3.4f1/Editor/Data/MonoBleedingEdge/lib/mono/unityjit'
Mono config path = 'C:/Program Files/Unity/Hub/Editor/2020.3.4f1/Editor/Data/MonoBleedingEdge/etc'
Using monoOptions --debugger-agent=transport=dt_socket,embedding=1,server=y,suspend=n,address=127.0.0.1:56028
Begin MonoManager ReloadAssembly
Registering precompiled unity dll's ...
Register platform support module: C:/Program Files/Unity/Hub/Editor/2020.3.4f1/Editor/Data/PlaybackEngines/WindowsStandaloneSupport/UnityEditor.WindowsStandalone.Extensions.dll
Registered in 0.001758 seconds.
Native extension for WindowsStandalone target not found
Refreshing native plugins compatible for Editor in 35.57 ms, found 3 plugins.
Preloading 1 native plugins for Editor in 0.08 ms.
Mono: successfully reloaded assembly
- Completed reload, in  1.128 seconds
Platform modules already initialized, skipping
Registering precompiled user dll's ...
Registered in 0.002707 seconds.
Begin MonoManager ReloadAssembly
Native extension for WindowsStandalone target not found
Refreshing native plugins compatible for Editor in 37.24 ms, found 3 plugins.
Preloading 1 native plugins for Editor in 0.09 ms.
[XR] OculusXRPlugin: registering subsystems
[XR] Unable to register display lifecyle provider: [1]
[XR] Oculus Input lifecycle provider registered.
[XR] Unable to register input lifecyle provider: [1]
NullReferenceException: Object reference not set to an instance of an object
  at Unity.XR.Oculus.OculusLoader.AssetPathToAbsolutePath (System.String assetPath) [0x00048] in C:\Users\Brookselia\Documents\Studium\XR3\FProg\Projekt\EscapeVRoom\Library\PackageCache\com.unity.xr.oculus@1.9.1\Runtime\OculusLoader.cs:249 
  at Unity.XR.Oculus.OculusLoader.EditorLoadOVRPlugin () [0x0007b] in C:\Users\Brookselia\Documents\Studium\XR3\FProg\Projekt\EscapeVRoom\Library\PackageCache\com.unity.xr.oculus@1.9.1\Runtime\OculusLoader.cs:234 

(Filename: Library/PackageCache/com.unity.xr.oculus@1.9.1/Runtime/OculusLoader.cs Line: 249)

Mono: successfully reloaded assembly
- Completed reload, in  1.097 seconds
Platform modules already initialized, skipping
========================================================================
Worker process is ready to serve import requests
Launched and connected shader compiler UnityShaderCompiler.exe after 0.05 seconds
Refreshing native plugins compatible for Editor in 0.90 ms, found 3 plugins.
Preloading 1 native plugins for Editor in 0.12 ms.
Unloading 1727 Unused Serialized files (Serialized files now loaded: 0)
System memory in use before: 80.9 MB.
System memory in use after: 80.9 MB.

Unloading 12 unused Assets to reduce memory usage. Loaded Objects now: 2177.
Total: 2.433200 ms (FindLiveObjects: 0.268000 ms CreateObjectMapping: 0.073000 ms MarkObjects: 2.014100 ms  DeleteObjects: 0.077000 ms)

========================================================================
Received Import Request.
  path: Assets/Materials/MetalWire.mat
  artifactKey: Guid(deef3012f02ab5c468ba8c02c73c731b) Importer(815301076,1909f56bfc062723c751e8b465ee728b)
Start importing Assets/Materials/MetalWire.mat using Guid(deef3012f02ab5c468ba8c02c73c731b) Importer(815301076,1909f56bfc062723c751e8b465ee728b)  -> (artifact id: 'c779b7b8f792ed4dfcbeba8fb14432c4') in 0.112487 seconds
  Import took 0.115242 seconds .

========================================================================
Received Import Request.
  Time since last request: 0.000245 seconds.
  path: Assets/Materials/Grey.mat
  artifactKey: Guid(6949bd5f39656c242ae46b886eb99257) Importer(815301076,1909f56bfc062723c751e8b465ee728b)
Start importing Assets/Materials/Grey.mat using Guid(6949bd5f39656c242ae46b886eb99257) Importer(815301076,1909f56bfc062723c751e8b465ee728b)  -> (artifact id: '04f87f47a09fd6396fadd510b5984b46') in 0.012561 seconds
  Import took 0.016713 seconds .

========================================================================
Received Import Request.
  Time since last request: 0.000265 seconds.
  path: Assets/Materials/Stick.mat
  artifactKey: Guid(641a2b9f78b82c74d9603f71c2ee1d12) Importer(815301076,1909f56bfc062723c751e8b465ee728b)
Start importing Assets/Materials/Stick.mat using Guid(641a2b9f78b82c74d9603f71c2ee1d12) Importer(815301076,1909f56bfc062723c751e8b465ee728b)  -> (artifact id: '2b88f865eac05104daf472e88655d398') in 0.019561 seconds
  Import took 0.024390 seconds .

========================================================================
Received Import Request.
  Time since last request: 0.000297 seconds.
  path: Assets/Materials/Fragezeichen.mat
  artifactKey: Guid(4df2e985bc2ac084f9ca413e5cfa2d2b) Importer(815301076,1909f56bfc062723c751e8b465ee728b)
Start importing Assets/Materials/Fragezeichen.mat using Guid(4df2e985bc2ac084f9ca413e5cfa2d2b) Importer(815301076,1909f56bfc062723c751e8b465ee728b)  -> (artifact id: '96f997d341e5934d2efab590ff29deee') in 0.018707 seconds
  Import took 0.023374 seconds .

========================================================================
Received Import Request.
  Time since last request: 0.000301 seconds.
  path: Assets/Materials/ButtonRed.mat
  artifactKey: Guid(cd16bfbd683697e469b31b4c0e70969a) Importer(815301076,1909f56bfc062723c751e8b465ee728b)
Start importing Assets/Materials/ButtonRed.mat using Guid(cd16bfbd683697e469b31b4c0e70969a) Importer(815301076,1909f56bfc062723c751e8b465ee728b)  -> (artifact id: 'd65294efbd73996f3759dedd5372a251') in 0.016578 seconds
  Import took 0.020235 seconds .

AssetImportWorkerClient::OnTransportError - code=2 error=End of file
