Using pre-set license
Built from '2020.3/staging' branch; Version is '2020.3.4f1 (0abb6314276a) revision 703331'; Using compiler version '192528614'; Build Type 'Release'
OS: 'Windows 10 Pro; OS build 19043.1083; Version 2009; 64bit' Language: 'de' Physical Memory: 16233 MB
BatchMode: 1, IsHumanControllingUs: 0, StartBugReporterOnCrash: 0, Is64bit: 1, IsPro: 0

 COMMAND LINE ARGUMENTS:
C:\Program Files\Unity\Hub\Editor\2020.3.4f1\Editor\Unity.exe
-adb2
-batchMode
-noUpm
-name
AssetImportWorker0
-projectPath
C:/Users/Brookselia/Documents/Studium/XR3/FProg/Projekt/EscapeVRoom
-logFile
Logs/AssetImportWorker0.log
-srvPort
61661
Successfully changed project path to: C:/Users/Brookselia/Documents/Studium/XR3/FProg/Projekt/EscapeVRoom
C:/Users/Brookselia/Documents/Studium/XR3/FProg/Projekt/EscapeVRoom
Using Asset Import Pipeline V2.
Refreshing native plugins compatible for Editor in 75.15 ms, found 3 plugins.
Preloading 1 native plugins for Editor in 1.04 ms.
Initialize engine version: 2020.3.4f1 (0abb6314276a)
[Subsystems] Discovering subsystems at path C:/Program Files/Unity/Hub/Editor/2020.3.4f1/Editor/Data/Resources/UnitySubsystems
[Subsystems] Discovering subsystems at path C:/Users/Brookselia/Documents/Studium/XR3/FProg/Projekt/EscapeVRoom/Assets
GfxDevice: creating device client; threaded=0
Direct3D:
    Version:  Direct3D 11.0 [level 11.1]
    Renderer: NVIDIA GeForce RTX 2060 (ID=0x1f51)
    Vendor:   
    VRAM:     5980 MB
    Driver:   26.21.14.4193
Initialize mono
Mono path[0] = 'C:/Program Files/Unity/Hub/Editor/2020.3.4f1/Editor/Data/Managed'
Mono path[1] = 'C:/Program Files/Unity/Hub/Editor/2020.3.4f1/Editor/Data/MonoBleedingEdge/lib/mono/unityjit'
Mono config path = 'C:/Program Files/Unity/Hub/Editor/2020.3.4f1/Editor/Data/MonoBleedingEdge/etc'
Using monoOptions --debugger-agent=transport=dt_socket,embedding=1,server=y,suspend=n,address=127.0.0.1:56556
Begin MonoManager ReloadAssembly
Registering precompiled unity dll's ...
Register platform support module: C:/Program Files/Unity/Hub/Editor/2020.3.4f1/Editor/Data/PlaybackEngines/WindowsStandaloneSupport/UnityEditor.WindowsStandalone.Extensions.dll
Registered in 0.001843 seconds.
Native extension for WindowsStandalone target not found
Refreshing native plugins compatible for Editor in 49.22 ms, found 3 plugins.
Preloading 1 native plugins for Editor in 0.08 ms.
Mono: successfully reloaded assembly
- Completed reload, in  1.338 seconds
Platform modules already initialized, skipping
Registering precompiled user dll's ...
Registered in 0.003171 seconds.
Begin MonoManager ReloadAssembly
Native extension for WindowsStandalone target not found
Refreshing native plugins compatible for Editor in 43.92 ms, found 3 plugins.
Preloading 1 native plugins for Editor in 0.12 ms.
[XR] OculusXRPlugin: registering subsystems
[XR] Unable to register display lifecyle provider: [1]
[XR] Oculus Input lifecycle provider registered.
[XR] Unable to register input lifecyle provider: [1]
NullReferenceException: Object reference not set to an instance of an object
  at Unity.XR.Oculus.OculusLoader.AssetPathToAbsolutePath (System.String assetPath) [0x00048] in C:\Users\Brookselia\Documents\Studium\XR3\FProg\Projekt\EscapeVRoom\Library\PackageCache\com.unity.xr.oculus@1.9.1\Runtime\OculusLoader.cs:249 
  at Unity.XR.Oculus.OculusLoader.EditorLoadOVRPlugin () [0x0007b] in C:\Users\Brookselia\Documents\Studium\XR3\FProg\Projekt\EscapeVRoom\Library\PackageCache\com.unity.xr.oculus@1.9.1\Runtime\OculusLoader.cs:234 

(Filename: Library/PackageCache/com.unity.xr.oculus@1.9.1/Runtime/OculusLoader.cs Line: 249)

Mono: successfully reloaded assembly
- Completed reload, in  1.303 seconds
Platform modules already initialized, skipping
========================================================================
Worker process is ready to serve import requests
Launched and connected shader compiler UnityShaderCompiler.exe after 0.07 seconds
Refreshing native plugins compatible for Editor in 1.78 ms, found 3 plugins.
Preloading 1 native plugins for Editor in 0.12 ms.
Unloading 1726 Unused Serialized files (Serialized files now loaded: 0)
System memory in use before: 80.8 MB.
System memory in use after: 80.9 MB.

Unloading 12 unused Assets to reduce memory usage. Loaded Objects now: 2176.
Total: 3.090800 ms (FindLiveObjects: 0.436500 ms CreateObjectMapping: 0.139600 ms MarkObjects: 2.441000 ms  DeleteObjects: 0.072500 ms)

========================================================================
Received Import Request.
  path: Assets/Scripts/Events/OnPenatly.cs
  artifactKey: Guid(dc759c4542e903843b76d174b5ac5ecd) Importer(815301076,1909f56bfc062723c751e8b465ee728b)
Start importing Assets/Scripts/Events/OnPenatly.cs using Guid(dc759c4542e903843b76d174b5ac5ecd) Importer(815301076,1909f56bfc062723c751e8b465ee728b)  -> (artifact id: 'e4e87e00d558a1b5d151bc15aea849d3') in 0.052410 seconds
  Import took 0.057780 seconds .

========================================================================
Received Prepare
Registering precompiled user dll's ...
Registered in 0.002561 seconds.
Begin MonoManager ReloadAssembly
Native extension for WindowsStandalone target not found
Refreshing native plugins compatible for Editor in 0.39 ms, found 3 plugins.
Preloading 1 native plugins for Editor in 0.09 ms.
NullReferenceException: Object reference not set to an instance of an object
  at Unity.XR.Oculus.OculusLoader.AssetPathToAbsolutePath (System.String assetPath) [0x00048] in C:\Users\Brookselia\Documents\Studium\XR3\FProg\Projekt\EscapeVRoom\Library\PackageCache\com.unity.xr.oculus@1.9.1\Runtime\OculusLoader.cs:249 
  at Unity.XR.Oculus.OculusLoader.EditorLoadOVRPlugin () [0x0007b] in C:\Users\Brookselia\Documents\Studium\XR3\FProg\Projekt\EscapeVRoom\Library\PackageCache\com.unity.xr.oculus@1.9.1\Runtime\OculusLoader.cs:234 

(Filename: Library/PackageCache/com.unity.xr.oculus@1.9.1/Runtime/OculusLoader.cs Line: 249)

Mono: successfully reloaded assembly
- Completed reload, in  0.922 seconds
Platform modules already initialized, skipping
Refreshing native plugins compatible for Editor in 0.73 ms, found 3 plugins.
Preloading 1 native plugins for Editor in 0.33 ms.
Unloading 1693 Unused Serialized files (Serialized files now loaded: 0)
System memory in use before: 79.0 MB.
System memory in use after: 79.1 MB.

Unloading 5 unused Assets to reduce memory usage. Loaded Objects now: 2180.
Total: 2.361300 ms (FindLiveObjects: 0.300300 ms CreateObjectMapping: 0.112500 ms MarkObjects: 1.919500 ms  DeleteObjects: 0.028000 ms)

========================================================================
Received Prepare
Registering precompiled user dll's ...
Registered in 0.001627 seconds.
Begin MonoManager ReloadAssembly
Native extension for WindowsStandalone target not found
Refreshing native plugins compatible for Editor in 0.37 ms, found 3 plugins.
Preloading 1 native plugins for Editor in 0.07 ms.
NullReferenceException: Object reference not set to an instance of an object
  at Unity.XR.Oculus.OculusLoader.AssetPathToAbsolutePath (System.String assetPath) [0x00048] in C:\Users\Brookselia\Documents\Studium\XR3\FProg\Projekt\EscapeVRoom\Library\PackageCache\com.unity.xr.oculus@1.9.1\Runtime\OculusLoader.cs:249 
  at Unity.XR.Oculus.OculusLoader.EditorLoadOVRPlugin () [0x0007b] in C:\Users\Brookselia\Documents\Studium\XR3\FProg\Projekt\EscapeVRoom\Library\PackageCache\com.unity.xr.oculus@1.9.1\Runtime\OculusLoader.cs:234 

(Filename: Library/PackageCache/com.unity.xr.oculus@1.9.1/Runtime/OculusLoader.cs Line: 249)

Mono: successfully reloaded assembly
- Completed reload, in  0.924 seconds
Platform modules already initialized, skipping
Refreshing native plugins compatible for Editor in 0.47 ms, found 3 plugins.
Preloading 1 native plugins for Editor in 0.07 ms.
Unloading 1693 Unused Serialized files (Serialized files now loaded: 0)
System memory in use before: 79.0 MB.
System memory in use after: 79.1 MB.

Unloading 5 unused Assets to reduce memory usage. Loaded Objects now: 2184.
Total: 2.446500 ms (FindLiveObjects: 0.367100 ms CreateObjectMapping: 0.103800 ms MarkObjects: 1.957200 ms  DeleteObjects: 0.017400 ms)

========================================================================
Received Import Request.
  Time since last request: 279.330737 seconds.
  path: Assets/Scripts/ReactionWall/WallManager.cs
  artifactKey: Guid(530eeb987222ae54d9f160348700eaa9) Importer(815301076,1909f56bfc062723c751e8b465ee728b)
Start importing Assets/Scripts/ReactionWall/WallManager.cs using Guid(530eeb987222ae54d9f160348700eaa9) Importer(815301076,1909f56bfc062723c751e8b465ee728b)  -> (artifact id: 'cf89a2d7064965f5c05ff414d7040bc8') in 0.005235 seconds
  Import took 0.007950 seconds .

========================================================================
Received Import Request.
  Time since last request: 0.022398 seconds.
  path: Assets/Scripts/ReactionWall/WallManager.cs
  artifactKey: Guid(530eeb987222ae54d9f160348700eaa9) Importer(815301076,1909f56bfc062723c751e8b465ee728b)
Start importing Assets/Scripts/ReactionWall/WallManager.cs using Guid(530eeb987222ae54d9f160348700eaa9) Importer(815301076,1909f56bfc062723c751e8b465ee728b)  -> (artifact id: 'cf89a2d7064965f5c05ff414d7040bc8') in 0.002816 seconds
  Import took 0.006719 seconds .

========================================================================
Received Import Request.
  Time since last request: 6.521113 seconds.
  path: Assets/Scripts/ReactionWall/WallLightsBehavior.cs
  artifactKey: Guid(d1b2bda0a3efbb4428b5b4a491c2d9e8) Importer(815301076,1909f56bfc062723c751e8b465ee728b)
Start importing Assets/Scripts/ReactionWall/WallLightsBehavior.cs using Guid(d1b2bda0a3efbb4428b5b4a491c2d9e8) Importer(815301076,1909f56bfc062723c751e8b465ee728b)  -> (artifact id: 'a296c62dcf65f79fac8756cfb29f582f') in 0.002872 seconds
  Import took 0.005525 seconds .

========================================================================
Received Import Request.
  Time since last request: 0.000957 seconds.
  path: Assets/Scripts/ReactionWall/WallLightsBehavior.cs
  artifactKey: Guid(d1b2bda0a3efbb4428b5b4a491c2d9e8) Importer(815301076,1909f56bfc062723c751e8b465ee728b)
Start importing Assets/Scripts/ReactionWall/WallLightsBehavior.cs using Guid(d1b2bda0a3efbb4428b5b4a491c2d9e8) Importer(815301076,1909f56bfc062723c751e8b465ee728b)  -> (artifact id: 'a296c62dcf65f79fac8756cfb29f582f') in 0.004400 seconds
  Import took 0.009211 seconds .

========================================================================
Received Prepare
Registering precompiled user dll's ...
Registered in 0.002686 seconds.
Begin MonoManager ReloadAssembly
Native extension for WindowsStandalone target not found
Refreshing native plugins compatible for Editor in 0.38 ms, found 3 plugins.
Preloading 1 native plugins for Editor in 0.08 ms.
NullReferenceException: Object reference not set to an instance of an object
  at Unity.XR.Oculus.OculusLoader.AssetPathToAbsolutePath (System.String assetPath) [0x00048] in C:\Users\Brookselia\Documents\Studium\XR3\FProg\Projekt\EscapeVRoom\Library\PackageCache\com.unity.xr.oculus@1.9.1\Runtime\OculusLoader.cs:249 
  at Unity.XR.Oculus.OculusLoader.EditorLoadOVRPlugin () [0x0007b] in C:\Users\Brookselia\Documents\Studium\XR3\FProg\Projekt\EscapeVRoom\Library\PackageCache\com.unity.xr.oculus@1.9.1\Runtime\OculusLoader.cs:234 

(Filename: Library/PackageCache/com.unity.xr.oculus@1.9.1/Runtime/OculusLoader.cs Line: 249)

Mono: successfully reloaded assembly
- Completed reload, in  0.986 seconds
Platform modules already initialized, skipping
Refreshing native plugins compatible for Editor in 0.41 ms, found 3 plugins.
Preloading 1 native plugins for Editor in 0.07 ms.
Unloading 1693 Unused Serialized files (Serialized files now loaded: 0)
System memory in use before: 79.0 MB.
System memory in use after: 79.2 MB.

Unloading 5 unused Assets to reduce memory usage. Loaded Objects now: 2188.
Total: 3.586400 ms (FindLiveObjects: 0.443000 ms CreateObjectMapping: 0.114800 ms MarkObjects: 3.009000 ms  DeleteObjects: 0.018100 ms)

========================================================================
Received Import Request.
  Time since last request: 59.912903 seconds.
  path: Assets/Scripts/ReactionWall/WallLightsBehavior.cs
  artifactKey: Guid(d1b2bda0a3efbb4428b5b4a491c2d9e8) Importer(815301076,1909f56bfc062723c751e8b465ee728b)
Start importing Assets/Scripts/ReactionWall/WallLightsBehavior.cs using Guid(d1b2bda0a3efbb4428b5b4a491c2d9e8) Importer(815301076,1909f56bfc062723c751e8b465ee728b)  -> (artifact id: '03668dc1c9c840eee1d9cf419794dc9f') in 0.004503 seconds
  Import took 0.007097 seconds .

========================================================================
Received Import Request.
  Time since last request: 0.000315 seconds.
  path: Assets/Scripts/ReactionWall/StartButtonBehavior.cs
  artifactKey: Guid(3d65bd8ea1bfb4b43b0c2d67923b12c8) Importer(815301076,1909f56bfc062723c751e8b465ee728b)
Start importing Assets/Scripts/ReactionWall/StartButtonBehavior.cs using Guid(3d65bd8ea1bfb4b43b0c2d67923b12c8) Importer(815301076,1909f56bfc062723c751e8b465ee728b)  -> (artifact id: 'af86fa5850fdd337640273b2da96589e') in 0.003889 seconds
  Import took 0.006636 seconds .

========================================================================
Received Import Request.
  Time since last request: 15.514890 seconds.
  path: Assets/Scripts/TimerManager.cs
  artifactKey: Guid(434997e43a26cc34593052007e3c9f30) Importer(815301076,1909f56bfc062723c751e8b465ee728b)
Start importing Assets/Scripts/TimerManager.cs using Guid(434997e43a26cc34593052007e3c9f30) Importer(815301076,1909f56bfc062723c751e8b465ee728b)  -> (artifact id: '92660c80306f04fc2768c1b35a5339f1') in 0.007002 seconds
  Import took 0.009957 seconds .

========================================================================
Received Import Request.
  Time since last request: 0.460403 seconds.
  path: Assets/Scripts/TeleporterPointBehavior.cs
  artifactKey: Guid(ebdf4d3f61bec614b84ef69f56fb1db6) Importer(815301076,1909f56bfc062723c751e8b465ee728b)
Start importing Assets/Scripts/TeleporterPointBehavior.cs using Guid(ebdf4d3f61bec614b84ef69f56fb1db6) Importer(815301076,1909f56bfc062723c751e8b465ee728b)  -> (artifact id: 'd776ceac36361cb8259f4a232ec13ff7') in 0.008825 seconds
  Import took 0.011542 seconds .

========================================================================
Received Import Request.
  Time since last request: 0.000566 seconds.
  path: Assets/Scripts/TeleporterPointBehavior.cs
  artifactKey: Guid(ebdf4d3f61bec614b84ef69f56fb1db6) Importer(815301076,1909f56bfc062723c751e8b465ee728b)
Start importing Assets/Scripts/TeleporterPointBehavior.cs using Guid(ebdf4d3f61bec614b84ef69f56fb1db6) Importer(815301076,1909f56bfc062723c751e8b465ee728b)  -> (artifact id: 'd776ceac36361cb8259f4a232ec13ff7') in 0.002574 seconds
  Import took 0.006763 seconds .

========================================================================
Received Import Request.
  Time since last request: 2.626565 seconds.
  path: Assets/Scripts/StartPlattformBehavior.cs
  artifactKey: Guid(14f9a662add6c2e48b0392ac69390938) Importer(815301076,1909f56bfc062723c751e8b465ee728b)
Start importing Assets/Scripts/StartPlattformBehavior.cs using Guid(14f9a662add6c2e48b0392ac69390938) Importer(815301076,1909f56bfc062723c751e8b465ee728b)  -> (artifact id: 'c6f8c9aca4819c1833cef025b24dc467') in 0.008817 seconds
  Import took 0.011744 seconds .

========================================================================
Received Prepare
Registering precompiled user dll's ...
Registered in 0.002068 seconds.
Begin MonoManager ReloadAssembly
Native extension for WindowsStandalone target not found
Refreshing native plugins compatible for Editor in 0.40 ms, found 3 plugins.
Preloading 1 native plugins for Editor in 0.10 ms.
NullReferenceException: Object reference not set to an instance of an object
  at Unity.XR.Oculus.OculusLoader.AssetPathToAbsolutePath (System.String assetPath) [0x00048] in C:\Users\Brookselia\Documents\Studium\XR3\FProg\Projekt\EscapeVRoom\Library\PackageCache\com.unity.xr.oculus@1.9.1\Runtime\OculusLoader.cs:249 
  at Unity.XR.Oculus.OculusLoader.EditorLoadOVRPlugin () [0x0007b] in C:\Users\Brookselia\Documents\Studium\XR3\FProg\Projekt\EscapeVRoom\Library\PackageCache\com.unity.xr.oculus@1.9.1\Runtime\OculusLoader.cs:234 

(Filename: Library/PackageCache/com.unity.xr.oculus@1.9.1/Runtime/OculusLoader.cs Line: 249)

Mono: successfully reloaded assembly
- Completed reload, in  0.969 seconds
Platform modules already initialized, skipping
Refreshing native plugins compatible for Editor in 0.39 ms, found 3 plugins.
Preloading 1 native plugins for Editor in 0.08 ms.
Unloading 1693 Unused Serialized files (Serialized files now loaded: 0)
System memory in use before: 79.1 MB.
System memory in use after: 79.2 MB.

Unloading 5 unused Assets to reduce memory usage. Loaded Objects now: 2192.
Total: 1.995700 ms (FindLiveObjects: 0.190400 ms CreateObjectMapping: 0.058200 ms MarkObjects: 1.729500 ms  DeleteObjects: 0.016600 ms)

========================================================================
Received Prepare
Registering precompiled user dll's ...
Registered in 0.002969 seconds.
Begin MonoManager ReloadAssembly
Native extension for WindowsStandalone target not found
Refreshing native plugins compatible for Editor in 0.55 ms, found 3 plugins.
Preloading 1 native plugins for Editor in 0.08 ms.
NullReferenceException: Object reference not set to an instance of an object
  at Unity.XR.Oculus.OculusLoader.AssetPathToAbsolutePath (System.String assetPath) [0x00048] in C:\Users\Brookselia\Documents\Studium\XR3\FProg\Projekt\EscapeVRoom\Library\PackageCache\com.unity.xr.oculus@1.9.1\Runtime\OculusLoader.cs:249 
  at Unity.XR.Oculus.OculusLoader.EditorLoadOVRPlugin () [0x0007b] in C:\Users\Brookselia\Documents\Studium\XR3\FProg\Projekt\EscapeVRoom\Library\PackageCache\com.unity.xr.oculus@1.9.1\Runtime\OculusLoader.cs:234 

(Filename: Library/PackageCache/com.unity.xr.oculus@1.9.1/Runtime/OculusLoader.cs Line: 249)

Mono: successfully reloaded assembly
- Completed reload, in  0.914 seconds
Platform modules already initialized, skipping
Refreshing native plugins compatible for Editor in 0.44 ms, found 3 plugins.
Preloading 1 native plugins for Editor in 0.08 ms.
Unloading 1693 Unused Serialized files (Serialized files now loaded: 0)
System memory in use before: 79.1 MB.
System memory in use after: 79.2 MB.

Unloading 5 unused Assets to reduce memory usage. Loaded Objects now: 2196.
Total: 1.889200 ms (FindLiveObjects: 0.210900 ms CreateObjectMapping: 0.079800 ms MarkObjects: 1.577500 ms  DeleteObjects: 0.020100 ms)

========================================================================
Received Import Request.
  Time since last request: 744.376016 seconds.
  path: Assets/Scripts/ReactionWall/WallManager.cs
  artifactKey: Guid(530eeb987222ae54d9f160348700eaa9) Importer(815301076,1909f56bfc062723c751e8b465ee728b)
Start importing Assets/Scripts/ReactionWall/WallManager.cs using Guid(530eeb987222ae54d9f160348700eaa9) Importer(815301076,1909f56bfc062723c751e8b465ee728b)  -> (artifact id: '61e74ed0626e9676e7a96d43a2c1d208') in 0.009192 seconds
  Import took 0.011661 seconds .

========================================================================
Received Import Request.
  Time since last request: 276.832444 seconds.
  path: Assets/Scripts/HotWire/HandelResetter.cs
  artifactKey: Guid(af2fe55a5708ffc4fa647d553d28a69c) Importer(815301076,1909f56bfc062723c751e8b465ee728b)
Start importing Assets/Scripts/HotWire/HandelResetter.cs using Guid(af2fe55a5708ffc4fa647d553d28a69c) Importer(815301076,1909f56bfc062723c751e8b465ee728b)  -> (artifact id: '581716f96b16d8e424087b171d721eaa') in 0.008302 seconds
  Import took 0.012290 seconds .

========================================================================
Received Prepare
Registering precompiled user dll's ...
Registered in 0.001944 seconds.
Begin MonoManager ReloadAssembly
Native extension for WindowsStandalone target not found
Refreshing native plugins compatible for Editor in 1.09 ms, found 3 plugins.
Preloading 1 native plugins for Editor in 0.13 ms.
NullReferenceException: Object reference not set to an instance of an object
  at Unity.XR.Oculus.OculusLoader.AssetPathToAbsolutePath (System.String assetPath) [0x00048] in C:\Users\Brookselia\Documents\Studium\XR3\FProg\Projekt\EscapeVRoom\Library\PackageCache\com.unity.xr.oculus@1.9.1\Runtime\OculusLoader.cs:249 
  at Unity.XR.Oculus.OculusLoader.EditorLoadOVRPlugin () [0x0007b] in C:\Users\Brookselia\Documents\Studium\XR3\FProg\Projekt\EscapeVRoom\Library\PackageCache\com.unity.xr.oculus@1.9.1\Runtime\OculusLoader.cs:234 

(Filename: Library/PackageCache/com.unity.xr.oculus@1.9.1/Runtime/OculusLoader.cs Line: 249)

Mono: successfully reloaded assembly
- Completed reload, in  1.244 seconds
Platform modules already initialized, skipping
Refreshing native plugins compatible for Editor in 0.42 ms, found 3 plugins.
Preloading 1 native plugins for Editor in 0.07 ms.
Unloading 1694 Unused Serialized files (Serialized files now loaded: 0)
System memory in use before: 79.1 MB.
System memory in use after: 79.2 MB.

Unloading 5 unused Assets to reduce memory usage. Loaded Objects now: 2201.
Total: 2.035800 ms (FindLiveObjects: 0.218600 ms CreateObjectMapping: 0.071100 ms MarkObjects: 1.730200 ms  DeleteObjects: 0.014500 ms)

========================================================================
Received Prepare
Registering precompiled user dll's ...
Registered in 0.002383 seconds.
Begin MonoManager ReloadAssembly
Native extension for WindowsStandalone target not found
Refreshing native plugins compatible for Editor in 0.38 ms, found 3 plugins.
Preloading 1 native plugins for Editor in 0.08 ms.
NullReferenceException: Object reference not set to an instance of an object
  at Unity.XR.Oculus.OculusLoader.AssetPathToAbsolutePath (System.String assetPath) [0x00048] in C:\Users\Brookselia\Documents\Studium\XR3\FProg\Projekt\EscapeVRoom\Library\PackageCache\com.unity.xr.oculus@1.9.1\Runtime\OculusLoader.cs:249 
  at Unity.XR.Oculus.OculusLoader.EditorLoadOVRPlugin () [0x0007b] in C:\Users\Brookselia\Documents\Studium\XR3\FProg\Projekt\EscapeVRoom\Library\PackageCache\com.unity.xr.oculus@1.9.1\Runtime\OculusLoader.cs:234 

(Filename: Library/PackageCache/com.unity.xr.oculus@1.9.1/Runtime/OculusLoader.cs Line: 249)

Mono: successfully reloaded assembly
- Completed reload, in  0.886 seconds
Platform modules already initialized, skipping
Refreshing native plugins compatible for Editor in 1.12 ms, found 3 plugins.
Preloading 1 native plugins for Editor in 0.08 ms.
Unloading 1694 Unused Serialized files (Serialized files now loaded: 0)
System memory in use before: 79.1 MB.
System memory in use after: 79.2 MB.

Unloading 5 unused Assets to reduce memory usage. Loaded Objects now: 2205.
Total: 2.168900 ms (FindLiveObjects: 0.185100 ms CreateObjectMapping: 0.064000 ms MarkObjects: 1.891700 ms  DeleteObjects: 0.026800 ms)

========================================================================
Received Prepare
Registering precompiled user dll's ...
Registered in 0.002912 seconds.
Begin MonoManager ReloadAssembly
Native extension for WindowsStandalone target not found
Refreshing native plugins compatible for Editor in 0.39 ms, found 3 plugins.
Preloading 1 native plugins for Editor in 0.08 ms.
NullReferenceException: Object reference not set to an instance of an object
  at Unity.XR.Oculus.OculusLoader.AssetPathToAbsolutePath (System.String assetPath) [0x00048] in C:\Users\Brookselia\Documents\Studium\XR3\FProg\Projekt\EscapeVRoom\Library\PackageCache\com.unity.xr.oculus@1.9.1\Runtime\OculusLoader.cs:249 
  at Unity.XR.Oculus.OculusLoader.EditorLoadOVRPlugin () [0x0007b] in C:\Users\Brookselia\Documents\Studium\XR3\FProg\Projekt\EscapeVRoom\Library\PackageCache\com.unity.xr.oculus@1.9.1\Runtime\OculusLoader.cs:234 

(Filename: Library/PackageCache/com.unity.xr.oculus@1.9.1/Runtime/OculusLoader.cs Line: 249)

Mono: successfully reloaded assembly
- Completed reload, in  1.017 seconds
Platform modules already initialized, skipping
Refreshing native plugins compatible for Editor in 0.76 ms, found 3 plugins.
Preloading 1 native plugins for Editor in 0.08 ms.
Unloading 1694 Unused Serialized files (Serialized files now loaded: 0)
System memory in use before: 79.1 MB.
System memory in use after: 79.2 MB.

Unloading 5 unused Assets to reduce memory usage. Loaded Objects now: 2209.
Total: 2.700100 ms (FindLiveObjects: 0.376000 ms CreateObjectMapping: 0.102300 ms MarkObjects: 2.193600 ms  DeleteObjects: 0.026100 ms)

AssetImportWorkerClient::OnTransportError - code=2 error=End of file
